{"level":"info","message":"POST /auth/register undefined","timestamp":"2024-07-08T20:36:43.845Z"}
{"level":"info","message":"POST /auth/register undefined","timestamp":"2024-07-08T20:37:46.820Z"}
{"level":"info","message":"POST /auth/register undefined","timestamp":"2024-07-08T20:37:51.156Z"}
{"level":"info","message":"POST /auth/register undefined","timestamp":"2024-07-08T21:17:02.411Z"}
{"level":"info","message":"POST /auth/register undefined","timestamp":"2024-07-08T21:18:42.323Z"}
{"level":"info","message":"POST /auth/register undefined","timestamp":"2024-07-08T21:20:43.075Z"}
{"level":"info","message":"POST /auth/register undefined","timestamp":"2024-07-08T21:20:50.416Z"}
{"level":"info","message":"POST /auth/login undefined","timestamp":"2024-07-08T21:21:01.192Z"}
{"level":"info","message":"POST /auth/login undefined","timestamp":"2024-07-08T21:22:01.619Z"}
{"level":"info","message":"POST /auth/login undefined","timestamp":"2024-07-08T21:22:39.614Z"}
{"level":"info","message":"POST /auth/login undefined","timestamp":"2024-07-08T21:23:54.308Z"}
{"level":"info","message":"POST /auth/login undefined","timestamp":"2024-07-08T21:24:28.653Z"}
{"level":"info","message":"GET /api/organisations ::1","timestamp":"2024-07-08T21:24:52.416Z"}
{"level":"info","message":"GET /api/organisations ::1","timestamp":"2024-07-08T21:26:04.353Z"}
{"level":"info","message":"POST /auth/login undefined","timestamp":"2024-07-08T21:28:17.621Z"}
{"level":"info","message":"GET /api/organisations ::1","timestamp":"2024-07-08T21:28:37.999Z"}
{"level":"info","message":"GET /api/organisations ::1","timestamp":"2024-07-08T21:30:07.733Z"}
{"level":"info","message":"GET /api/organisations ::1","timestamp":"2024-07-08T21:31:28.273Z"}
{"level":"info","message":"POST /auth/login undefined","timestamp":"2024-07-08T21:34:12.630Z"}
{"level":"info","message":"GET /api/organisations ::1","timestamp":"2024-07-08T21:34:53.271Z"}
{"level":"info","message":"GET /api/organisations ::1","timestamp":"2024-07-08T21:35:24.306Z"}
{"level":"info","message":"GET /api/organisations ::1","timestamp":"2024-07-08T21:35:51.250Z"}
{"level":"info","message":"GET /api/organisations ::1","timestamp":"2024-07-08T21:37:30.688Z"}
{"level":"info","message":"GET /api/organisations ::1","timestamp":"2024-07-08T21:38:09.792Z"}
{"level":"info","message":"GET /api/organisations ::1","timestamp":"2024-07-08T21:40:25.496Z"}
{"level":"info","message":"POST /api/organisations undefined","timestamp":"2024-07-08T21:41:03.675Z"}
{"level":"info","message":"GET /api/organisations ::1","timestamp":"2024-07-08T21:41:12.827Z"}
{"level":"info","message":"GET /api/organisations/7ffaaba8-4acf-4a3e-818d-51b01f749c8e ::1","timestamp":"2024-07-08T21:44:02.808Z"}
{"level":"info","message":"POST /auth/login undefined","timestamp":"2024-07-08T21:44:11.667Z"}
{"level":"info","message":"GET /api/organisations/7ffaaba8-4acf-4a3e-818d-51b01f749c8e ::1","timestamp":"2024-07-08T21:44:30.366Z"}
{"level":"info","message":"GET /api/organisations/7ffaaba8-4acf-4a3e-818d-51b01f749c8e ::1","timestamp":"2024-07-08T21:46:37.448Z"}
{"level":"info","message":"GET /api/organisations ::1","timestamp":"2024-07-08T21:46:56.057Z"}
{"level":"info","message":"GET /api/organisations/7ffaaba8-4acf-4a3e-818d-51b01f749c8e ::1","timestamp":"2024-07-08T21:47:23.484Z"}
{"level":"info","message":"POST /api/organisations/ undefined","timestamp":"2024-07-08T21:47:37.256Z"}
{"level":"info","message":"POST /api/organisations/ undefined","timestamp":"2024-07-08T21:47:59.325Z"}
{"level":"info","message":"POST /auth/register undefined","timestamp":"2024-07-08T21:48:47.283Z"}
{"level":"info","message":"POST /auth/register undefined","timestamp":"2024-07-08T21:49:08.339Z"}
{"level":"info","message":"POST /api/organisations/ undefined","timestamp":"2024-07-08T21:49:49.825Z"}
{"level":"info","message":"POST /auth/login undefined","timestamp":"2024-07-08T21:49:59.650Z"}
{"level":"info","message":"POST /api/organisations/ undefined","timestamp":"2024-07-08T21:50:16.732Z"}
{"level":"info","message":"POST /api/organisations/ undefined","timestamp":"2024-07-08T21:50:55.163Z"}
{"level":"info","message":"POST /api/organisations undefined","timestamp":"2024-07-08T21:51:30.714Z"}
{"level":"info","message":"POST /api/organisations/7ffaaba8-4acf-4a3e-818d-51b01f749c8e/users undefined","timestamp":"2024-07-08T21:52:58.953Z"}
{"level":"info","message":"POST /api/organisations/7ffaaba8-4acf-4a3e-818d-51b01f749c8e/users undefined","timestamp":"2024-07-08T21:53:32.999Z"}
{"level":"info","message":"POST /api/organisations/7ffaaba8-4acf-4a3e-818d-51b01f749c8e/users undefined","timestamp":"2024-07-08T21:56:58.615Z"}
{"level":"info","message":"POST /api/organisations/7ffaaba8-4acf-4a3e-818d-51b01f749c8e/users undefined","timestamp":"2024-07-08T21:58:15.197Z"}
{"level":"info","message":"POST /api/organisations/7ffaaba8-4acf-4a3e-818d-51b01f749c8e/users undefined","timestamp":"2024-07-08T21:59:29.617Z"}
{"level":"info","message":"POST /api/organisations/7ffaaba8-4acf-4a3e-818d-51b01f749c8e/users undefined","timestamp":"2024-07-08T22:00:07.516Z"}
{"level":"info","message":"POST /api/organisations/7ffaaba8-4acf-4a3e-818d-51b01f749c8e/users undefined","timestamp":"2024-07-08T22:01:56.608Z"}
{"level":"info","message":"POST /api/organisations/7ffaaba8-4acf-4a3e-818d-51b01f749c8e/users undefined","timestamp":"2024-07-08T22:02:59.294Z"}
{"level":"info","message":"POST /api/organisations/7ffaaba8-4acf-4a3e-818d-51b01f749c8e/users undefined","timestamp":"2024-07-08T22:04:14.938Z"}
{"level":"info","message":"POST /api/organisations/7ffaaba8-4acf-4a3e-818d-51b01f749c8e/users undefined","timestamp":"2024-07-08T22:04:22.108Z"}
{"level":"info","message":"GET /api/organisations ::1","timestamp":"2024-07-08T22:05:01.033Z"}
{"level":"info","message":"GET /api/users/7a9009cd-e32f-4b66-bd4c-c70a77532a0a ::1","timestamp":"2024-07-08T22:06:04.027Z"}
{"level":"info","message":"POST /auth/register undefined","timestamp":"2024-07-08T22:06:30.233Z"}
{"level":"info","message":"GET /api/users/20605d7a-36d7-44e2-aae3-b7dd1adfc3a1 ::1","timestamp":"2024-07-08T22:06:43.526Z"}
{"level":"info","message":"POST /auth/register undefined","timestamp":"2024-07-08T23:49:49.838Z"}
{"level":"info","message":"POST /auth/register undefined","timestamp":"2024-07-08T23:49:51.543Z"}
{"level":"info","message":"POST /auth/register undefined","timestamp":"2024-07-08T23:49:51.876Z"}
{"level":"info","message":"POST /auth/login undefined","timestamp":"2024-07-08T23:49:51.899Z"}
{"level":"info","message":"POST /auth/login undefined","timestamp":"2024-07-08T23:49:52.535Z"}
{"level":"info","message":"POST /auth/register undefined","timestamp":"2024-07-08T23:54:35.111Z"}
{"level":"info","message":"POST /auth/register undefined","timestamp":"2024-07-08T23:54:35.834Z"}
{"level":"info","message":"POST /auth/register undefined","timestamp":"2024-07-08T23:54:36.180Z"}
{"level":"info","message":"POST /auth/login undefined","timestamp":"2024-07-08T23:54:36.203Z"}
{"level":"info","message":"POST /auth/login undefined","timestamp":"2024-07-08T23:54:36.864Z"}
{"level":"info","message":"POST /auth/register undefined","timestamp":"2024-07-09T00:00:51.253Z"}
{"level":"info","message":"POST /auth/register undefined","timestamp":"2024-07-09T00:00:51.310Z"}
{"level":"info","message":"POST /auth/register undefined","timestamp":"2024-07-09T00:00:52.082Z"}
{"level":"info","message":"POST /auth/login undefined","timestamp":"2024-07-09T00:00:52.111Z"}
{"level":"info","message":"POST /auth/login undefined","timestamp":"2024-07-09T00:00:52.782Z"}
{"level":"info","message":"POST / undefined","timestamp":"2024-07-09T14:00:37.989Z"}
{"level":"info","message":"POST /auth/login undefined","timestamp":"2024-07-09T14:01:18.454Z"}
